ERROR - 2022-06-24 22:32:02 --> You have an error in your SQL syntax; check the manual that corresponds to your MariaDB server version for the right syntax to use near 'NOT NULL,
	`path` text NULL DEFAULT '',
	created_at datetime default current_...' at line 3
ERROR - 2022-06-24 22:32:39 --> You have an error in your SQL syntax; check the manual that corresponds to your MariaDB server version for the right syntax to use near 'NOT NULL,
	`path` TEXT NULL DEFAULT '',
	created_at datetime default current_...' at line 3
ERROR - 2022-06-24 22:32:47 --> You have an error in your SQL syntax; check the manual that corresponds to your MariaDB server version for the right syntax to use near 'NOT NULL,
	`path` TEXT NULL,
	created_at datetime default current_timestamp,
...' at line 3
CRITICAL - 2022-06-24 22:51:50 --> Call to private App\Controllers\Main::__construct() from scope CodeIgniter\CodeIgniter
in SYSTEMPATH\CodeIgniter.php on line 860.
 1 SYSTEMPATH\CodeIgniter.php(459): CodeIgniter\CodeIgniter->createController()
 2 SYSTEMPATH\CodeIgniter.php(351): CodeIgniter\CodeIgniter->handleRequest(null, Object(Config\Cache), false)
 3 FCPATH\index.php(55): CodeIgniter\CodeIgniter->run()
CRITICAL - 2022-06-24 22:52:31 --> Undefined variable $session
in APPPATH\Views\home.php on line 49.
 1 APPPATH\Views\home.php(49): CodeIgniter\Debug\Exceptions->errorHandler(2, 'Undefined variable $session', 'APPPATH\\Views\\home.php', 49)
 2 SYSTEMPATH\View\View.php(213): include('APPPATH\\Views\\home.php')
 3 SYSTEMPATH\View\View.php(216): CodeIgniter\View\View->CodeIgniter\View\{closure}()
 4 SYSTEMPATH\Common.php(1135): CodeIgniter\View\View->render('home', [], true)
 5 APPPATH\Controllers\Main.php(15): view('home')
 6 SYSTEMPATH\CodeIgniter.php(898): App\Controllers\Main->index()
 7 SYSTEMPATH\CodeIgniter.php(468): CodeIgniter\CodeIgniter->runController(Object(App\Controllers\Main))
 8 SYSTEMPATH\CodeIgniter.php(351): CodeIgniter\CodeIgniter->handleRequest(null, Object(Config\Cache), false)
 9 FCPATH\index.php(55): CodeIgniter\CodeIgniter->run()
CRITICAL - 2022-06-24 22:53:07 --> Undefined property: App\Controllers\Main::$data
in APPPATH\Controllers\Main.php on line 17.
 1 APPPATH\Controllers\Main.php(17): CodeIgniter\Debug\Exceptions->errorHandler(2, 'Undefined property: App\\Controllers\\Main::$data', 'APPPATH\\Controllers\\Main.php', 17)
 2 SYSTEMPATH\CodeIgniter.php(898): App\Controllers\Main->index()
 3 SYSTEMPATH\CodeIgniter.php(468): CodeIgniter\CodeIgniter->runController(Object(App\Controllers\Main))
 4 SYSTEMPATH\CodeIgniter.php(351): CodeIgniter\CodeIgniter->handleRequest(null, Object(Config\Cache), false)
 5 FCPATH\index.php(55): CodeIgniter\CodeIgniter->run()
CRITICAL - 2022-06-24 22:57:39 --> syntax error, unexpected token "}"
in APPPATH\Controllers\Main.php on line 25.
 1 SYSTEMPATH\Autoloader\Autoloader.php(261): CodeIgniter\Autoloader\Autoloader->includeFile('APPPATH\\Controllers\\Main.php')
 2 SYSTEMPATH\Autoloader\Autoloader.php(239): CodeIgniter\Autoloader\Autoloader->loadInNamespace('App\\Controllers\\Main')
 3 [internal function]: CodeIgniter\Autoloader\Autoloader->loadClass('App\\Controllers\\Main')
 4 SYSTEMPATH\CodeIgniter.php(848): class_exists('\\App\\Controllers\\Main', true)
 5 SYSTEMPATH\CodeIgniter.php(455): CodeIgniter\CodeIgniter->startController()
 6 SYSTEMPATH\CodeIgniter.php(351): CodeIgniter\CodeIgniter->handleRequest(null, Object(Config\Cache), false)
 7 FCPATH\index.php(55): CodeIgniter\CodeIgniter->run()
