CRITICAL - 2022-06-25 00:28:00 --> Undefined property: App\Controllers\Main::$file
in APPPATH\Controllers\Main.php on line 28.
 1 APPPATH\Controllers\Main.php(28): CodeIgniter\Debug\Exceptions->errorHandler(2, 'Undefined property: App\\Controllers\\Main::$file', 'APPPATH\\Controllers\\Main.php', 28)
 2 SYSTEMPATH\CodeIgniter.php(898): App\Controllers\Main->upload()
 3 SYSTEMPATH\CodeIgniter.php(468): CodeIgniter\CodeIgniter->runController(Object(App\Controllers\Main))
 4 SYSTEMPATH\CodeIgniter.php(351): CodeIgniter\CodeIgniter->handleRequest(null, Object(Config\Cache), false)
 5 FCPATH\index.php(55): CodeIgniter\CodeIgniter->run()
CRITICAL - 2022-06-25 00:35:15 --> Undefined variable $label
in APPPATH\Controllers\Main.php on line 41.
 1 APPPATH\Controllers\Main.php(41): CodeIgniter\Debug\Exceptions->errorHandler(2, 'Undefined variable $label', 'APPPATH\\Controllers\\Main.php', 41)
 2 SYSTEMPATH\CodeIgniter.php(898): App\Controllers\Main->upload()
 3 SYSTEMPATH\CodeIgniter.php(468): CodeIgniter\CodeIgniter->runController(Object(App\Controllers\Main))
 4 SYSTEMPATH\CodeIgniter.php(351): CodeIgniter\CodeIgniter->handleRequest(null, Object(Config\Cache), false)
 5 FCPATH\index.php(55): CodeIgniter\CodeIgniter->run()
CRITICAL - 2022-06-25 00:36:59 --> Maximum execution time of 120 seconds exceeded
in SYSTEMPATH\Database\Query.php on line 323.
 1 [internal function]: CodeIgniter\Debug\Exceptions->shutdownHandler()
CRITICAL - 2022-06-25 01:49:03 --> Undefined variable $fpath
in APPPATH\Controllers\Main.php on line 40.
 1 APPPATH\Controllers\Main.php(40): CodeIgniter\Debug\Exceptions->errorHandler(2, 'Undefined variable $fpath', 'APPPATH\\Controllers\\Main.php', 40)
 2 SYSTEMPATH\CodeIgniter.php(898): App\Controllers\Main->upload()
 3 SYSTEMPATH\CodeIgniter.php(468): CodeIgniter\CodeIgniter->runController(Object(App\Controllers\Main))
 4 SYSTEMPATH\CodeIgniter.php(351): CodeIgniter\CodeIgniter->handleRequest(null, Object(Config\Cache), false)
 5 FCPATH\index.php(55): CodeIgniter\CodeIgniter->run()
